2023-04-30 17:37:06,465 INFO Saving results and logs to .\results_2023-04-30_17-37-06.
2023-04-30 17:37:06,466 INFO The model configuration will be loaded from .\../configuration2R164.csv.
2023-04-30 17:37:06,473 INFO Preparing to use model 2R 164.
2023-04-30 17:37:06,473 INFO Verbose debugging information will be logged.
2023-04-30 17:37:06,474 INFO Loading the model equation details produced by the SYM processor.
2023-04-30 17:37:06,474 INFO Loading the model varinfo.
2023-04-30 17:37:06,476 INFO Loading the model varmap.
2023-04-30 17:37:06,479 INFO Loading the model optmap.
2023-04-30 17:37:06,482 INFO Loading the model summary.
2023-04-30 17:37:06,483 INFO Loading the model sym summary.
2023-04-30 17:37:06,485 INFO Loading varinfo/varmap combination.
2023-04-30 17:37:06,507 INFO Loading a database from D:\Users\00\Downloads\model_2R_164/data/DATAvR2018.csv
2023-04-30 17:37:06,518 INFO Calibrating the model parameters
2023-04-30 17:37:06,543 INFO Loading IO tables from D:\Users\00\Downloads\model_2R_164/data/IOTABLESvR2011.csv
2023-04-30 17:37:06,988 INFO The model has been loaded.
2023-04-30 17:37:07,120 INFO The model has been linearised.
2023-04-30 17:37:07,281 INFO The State Space Form of the linearised model has been obtained.
2023-04-30 17:37:07,749 INFO All roots are on or inside the unit circle, indicating stability of the solution.
2023-04-30 17:37:07,749 INFO The stable manifold has been found for the model.
2023-04-30 17:37:08,127 INFO The intertemporal constants have been calibrated.
2023-04-30 17:37:08,818 INFO The baseline projections have been generated.
2023-04-30 17:37:08,867 INFO Baseline projections have been saved to a CSV file in .\results_2023-04-30_17-37-06
2023-04-30 17:37:08,876 WARNING The data for simulation layer 1 does not end at the end projection year, 2100. It ends at 2200
2023-04-30 17:37:09,552 INFO The layer 1 projections have been generated.
2023-04-30 17:37:10,230 INFO The layer 1 projections have been generated.
2023-04-30 17:37:10,321 INFO Simulation projections have been saved as CSV files in .\results_2023-04-30_17-37-06
